<?xml version="1.0" encoding="UTF-8"?>
<!-- Generated by org.testng.reporters.JUnitXMLReporter -->
<testsuite ignored="2" hostname="Robin" failures="0" tests="2" name="Test" time="24.511" errors="0" timestamp="11 Nov 2021 21:04:36 GMT">
  <testcase classname="TestCases.TC_001" name="TC_002_loginandVerify" time="12.544"/>
  <testcase classname="TestCases.TC_002" name="TC_001_loginandVerify" time="11.64"/>
  <testcase classname="Libraries.SetUp" name="@BeforeTest startReprt" time="0.0">
    <ignored/>
  </testcase> <!-- @BeforeTest startReprt -->
  <testcase classname="Libraries.SetUp" name="@AfterSuite fn_Suit" time="0.0">
    <ignored/>
  </testcase> <!-- @AfterSuite fn_Suit -->
</testsuite> <!-- Test -->
