<?xml version="1.0" encoding="UTF-8"?>
<!-- Generated by org.testng.reporters.JUnitXMLReporter -->
<testsuite hostname="Robin" ignored="2" name="Test" tests="2" failures="0" timestamp="11 Nov 2021 22:41:45 GMT" time="27.208" errors="0">
  <testcase name="TC_002_loginandVerify" time="15.123" classname="TestCases.TC_001"/>
  <testcase name="TC_001_loginandVerify" time="11.879" classname="TestCases.TC_002"/>
  <testcase name="@BeforeTest startReprt" time="0.0" classname="Libraries.SetUp">
    <ignored/>
  </testcase> <!-- @BeforeTest startReprt -->
  <testcase name="@AfterSuite fn_Suit" time="0.0" classname="Libraries.SetUp">
    <ignored/>
  </testcase> <!-- @AfterSuite fn_Suit -->
</testsuite> <!-- Test -->
