<?xml version="1.0" encoding="UTF-8"?>
<testng-results skipped="0" failed="0" ignored="0" total="2" passed="2">
  <reporter-output>
  </reporter-output>
  <suite name="Suite" duration-ms="16208" started-at="2021-11-19T15:45:10Z" finished-at="2021-11-19T15:45:26Z">
    <groups>
    </groups>
    <test name="Test" duration-ms="16208" started-at="2021-11-19T15:45:10Z" finished-at="2021-11-19T15:45:26Z">
      <class name="TestCases.TC_001_Integration">
        <test-method status="PASS" signature="startReprt()[pri:0, instance:TestCases.TC_001_Integration@1d082e88]" name="startReprt" is-config="true" duration-ms="189" started-at="2021-11-19T15:45:10Z" finished-at="2021-11-19T15:45:10Z">
          <reporter-output>
          </reporter-output>
        </test-method> <!-- startReprt -->
        <test-method status="PASS" signature="f1()[pri:0, instance:TestCases.TC_001_Integration@1d082e88]" name="f1" is-config="true" duration-ms="0" started-at="2021-11-19T15:45:11Z" finished-at="2021-11-19T15:45:11Z">
          <reporter-output>
          </reporter-output>
        </test-method> <!-- f1 -->
        <test-method status="PASS" signature="method(java.lang.reflect.Method)[pri:0, instance:TestCases.TC_001_Integration@1d082e88]" name="method" is-config="true" duration-ms="5" started-at="2021-11-19T15:45:11Z" finished-at="2021-11-19T15:45:11Z">
          <params>
            <param index="0">
              <value>
                <![CDATA[public void TestCases.TC_001_Integration.TC_001_loginandVerify(java.util.Map) throws java.io.IOException]]>
              </value>
            </param>
          </params>
          <reporter-output>
          </reporter-output>
        </test-method> <!-- method -->
        <test-method status="PASS" signature="TC_001_loginandVerify(java.util.Map)[pri:0, instance:TestCases.TC_001_Integration@1d082e88]" name="TC_001_loginandVerify" duration-ms="11594" started-at="2021-11-19T15:45:11Z" data-provider="getData" finished-at="2021-11-19T15:45:22Z">
          <params>
            <param index="0">
              <value>
                <![CDATA[{Add=EDINBURG, password=Password02, FirstName=AML controller, LastName=PRABIN, MidName =KAUR, TestCaseName=TC_001_loginandVerify, userid=Controller, Add2=London}]]>
              </value>
            </param>
          </params>
          <reporter-output>
          </reporter-output>
        </test-method> <!-- TC_001_loginandVerify -->
        <test-method status="PASS" signature="f1()[pri:0, instance:TestCases.TC_001_Integration@1d082e88]" name="f1" is-config="true" duration-ms="0" started-at="2021-11-19T15:45:22Z" finished-at="2021-11-19T15:45:22Z">
          <reporter-output>
          </reporter-output>
        </test-method> <!-- f1 -->
        <test-method status="PASS" signature="method(java.lang.reflect.Method)[pri:0, instance:TestCases.TC_001_Integration@1d082e88]" name="method" is-config="true" duration-ms="1" started-at="2021-11-19T15:45:22Z" finished-at="2021-11-19T15:45:22Z">
          <params>
            <param index="0">
              <value>
                <![CDATA[public void TestCases.TC_001_Integration.TC_001_loginandVerify(java.util.Map) throws java.io.IOException]]>
              </value>
            </param>
          </params>
          <reporter-output>
          </reporter-output>
        </test-method> <!-- method -->
        <test-method status="PASS" signature="TC_001_loginandVerify(java.util.Map)[pri:0, instance:TestCases.TC_001_Integration@1d082e88]" name="TC_001_loginandVerify" duration-ms="3400" started-at="2021-11-19T15:45:22Z" data-provider="getData" finished-at="2021-11-19T15:45:26Z">
          <params>
            <param index="0">
              <value>
                <![CDATA[{Add=EDINBURG, password=Password02, FirstName=AML controller, LastName=PRABIN, MidName =KAUR, TestCaseName=TC_001_loginandVerify, userid=Controller, Add2=London}]]>
              </value>
            </param>
          </params>
          <reporter-output>
          </reporter-output>
        </test-method> <!-- TC_001_loginandVerify -->
        <test-method status="PASS" signature="fn_Suit()[pri:0, instance:TestCases.TC_001_Integration@1d082e88]" name="fn_Suit" is-config="true" duration-ms="631" started-at="2021-11-19T15:45:26Z" finished-at="2021-11-19T15:45:27Z">
          <reporter-output>
          </reporter-output>
        </test-method> <!-- fn_Suit -->
      </class> <!-- TestCases.TC_001_Integration -->
    </test> <!-- Test -->
  </suite> <!-- Suite -->
</testng-results>
