<?xml version="1.0" encoding="UTF-8"?>
<testng-results ignored="0" total="2" passed="2" failed="0" skipped="0">
  <reporter-output>
  </reporter-output>
  <suite started-at="2021-11-23T09:58:54Z" name="Default suite" finished-at="2021-11-23T09:59:06Z" duration-ms="12867">
    <groups>
    </groups>
    <test started-at="2021-11-23T09:58:54Z" name="Default test" finished-at="2021-11-23T09:59:06Z" duration-ms="12867">
      <class name="TestCases.TC_001_Integration">
        <test-method is-config="true" signature="startReprt()[pri:0, instance:TestCases.TC_001_Integration@20c0a64d]" started-at="2021-11-23T09:58:54Z" name="startReprt" finished-at="2021-11-23T09:58:54Z" duration-ms="273" status="PASS">
          <reporter-output>
          </reporter-output>
        </test-method> <!-- startReprt -->
        <test-method is-config="true" signature="f1()[pri:0, instance:TestCases.TC_001_Integration@20c0a64d]" started-at="2021-11-23T09:58:55Z" name="f1" finished-at="2021-11-23T09:58:55Z" duration-ms="0" status="PASS">
          <reporter-output>
          </reporter-output>
        </test-method> <!-- f1 -->
        <test-method is-config="true" signature="method(java.lang.reflect.Method)[pri:0, instance:TestCases.TC_001_Integration@20c0a64d]" started-at="2021-11-23T09:58:55Z" name="method" finished-at="2021-11-23T09:58:55Z" duration-ms="6" status="PASS">
          <params>
            <param index="0">
              <value>
                <![CDATA[public void TestCases.TC_001_Integration.TC_001_loginandVerify(java.util.Map) throws java.io.IOException]]>
              </value>
            </param>
          </params>
          <reporter-output>
          </reporter-output>
        </test-method> <!-- method -->
        <test-method signature="TC_001_loginandVerify(java.util.Map)[pri:0, instance:TestCases.TC_001_Integration@20c0a64d]" started-at="2021-11-23T09:58:55Z" name="TC_001_loginandVerify" data-provider="getData" finished-at="2021-11-23T09:59:03Z" duration-ms="7749" status="PASS">
          <params>
            <param index="0">
              <value>
                <![CDATA[{Add=EDINBURG, password=Password02, FirstName=AML controller, LastName=PRABIN, MidName =KAUR, TestCaseName=TC_001_loginandVerify, userid=Controller, Add2=London}]]>
              </value>
            </param>
          </params>
          <reporter-output>
          </reporter-output>
        </test-method> <!-- TC_001_loginandVerify -->
        <test-method is-config="true" signature="f1()[pri:0, instance:TestCases.TC_001_Integration@20c0a64d]" started-at="2021-11-23T09:59:03Z" name="f1" finished-at="2021-11-23T09:59:03Z" duration-ms="1" status="PASS">
          <reporter-output>
          </reporter-output>
        </test-method> <!-- f1 -->
        <test-method is-config="true" signature="method(java.lang.reflect.Method)[pri:0, instance:TestCases.TC_001_Integration@20c0a64d]" started-at="2021-11-23T09:59:03Z" name="method" finished-at="2021-11-23T09:59:03Z" duration-ms="0" status="PASS">
          <params>
            <param index="0">
              <value>
                <![CDATA[public void TestCases.TC_001_Integration.TC_001_loginandVerify(java.util.Map) throws java.io.IOException]]>
              </value>
            </param>
          </params>
          <reporter-output>
          </reporter-output>
        </test-method> <!-- method -->
        <test-method signature="TC_001_loginandVerify(java.util.Map)[pri:0, instance:TestCases.TC_001_Integration@20c0a64d]" started-at="2021-11-23T09:59:03Z" name="TC_001_loginandVerify" data-provider="getData" finished-at="2021-11-23T09:59:06Z" duration-ms="3760" status="PASS">
          <params>
            <param index="0">
              <value>
                <![CDATA[{Add=OSLO, password=Password01, FirstName=AML admin, LastName=UB, MidName =PRAKASH, TestCaseName=TC_001_loginandVerify, userid=1234.0, Add2=Done}]]>
              </value>
            </param>
          </params>
          <reporter-output>
          </reporter-output>
        </test-method> <!-- TC_001_loginandVerify -->
        <test-method is-config="true" signature="fn_Suit()[pri:0, instance:TestCases.TC_001_Integration@20c0a64d]" started-at="2021-11-23T09:59:06Z" name="fn_Suit" finished-at="2021-11-23T09:59:07Z" duration-ms="471" status="PASS">
          <reporter-output>
          </reporter-output>
        </test-method> <!-- fn_Suit -->
      </class> <!-- TestCases.TC_001_Integration -->
    </test> <!-- Default test -->
  </suite> <!-- Default suite -->
</testng-results>
