<?xml version="1.0" encoding="UTF-8"?>
<testng-results ignored="0" total="1" passed="1" failed="0" skipped="0">
  <reporter-output>
  </reporter-output>
  <suite started-at="2021-11-11T21:05:57Z" name="Default suite" finished-at="2021-11-11T21:06:06Z" duration-ms="8974">
    <groups>
    </groups>
    <test started-at="2021-11-11T21:05:57Z" name="Default test" finished-at="2021-11-11T21:06:06Z" duration-ms="8974">
      <class name="TestCases.TC_001">
        <test-method is-config="true" signature="startReprt()[pri:0, instance:TestCases.TC_001@5454d35e]" started-at="2021-11-11T21:05:57Z" name="startReprt" finished-at="2021-11-11T21:05:57Z" duration-ms="293" status="PASS">
          <reporter-output>
          </reporter-output>
        </test-method> <!-- startReprt -->
        <test-method is-config="true" signature="f1()[pri:0, instance:TestCases.TC_001@5454d35e]" started-at="2021-11-11T21:05:57Z" name="f1" finished-at="2021-11-11T21:05:57Z" duration-ms="0" status="PASS">
          <reporter-output>
          </reporter-output>
        </test-method> <!-- f1 -->
        <test-method is-config="true" signature="method(java.lang.reflect.Method)[pri:0, instance:TestCases.TC_001@5454d35e]" started-at="2021-11-11T21:05:57Z" name="method" finished-at="2021-11-11T21:05:57Z" duration-ms="4" status="PASS">
          <params>
            <param index="0">
              <value>
                <![CDATA[public void TestCases.TC_001.TC_002_loginandVerify() throws java.io.IOException]]>
              </value>
            </param>
          </params>
          <reporter-output>
          </reporter-output>
        </test-method> <!-- method -->
        <test-method signature="TC_002_loginandVerify()[pri:0, instance:TestCases.TC_001@5454d35e]" started-at="2021-11-11T21:05:57Z" name="TC_002_loginandVerify" finished-at="2021-11-11T21:06:06Z" duration-ms="8645" status="PASS">
          <reporter-output>
          </reporter-output>
        </test-method> <!-- TC_002_loginandVerify -->
        <test-method is-config="true" signature="fn_Suit()[pri:0, instance:TestCases.TC_001@5454d35e]" started-at="2021-11-11T21:06:06Z" name="fn_Suit" finished-at="2021-11-11T21:06:06Z" duration-ms="544" status="PASS">
          <reporter-output>
          </reporter-output>
        </test-method> <!-- fn_Suit -->
      </class> <!-- TestCases.TC_001 -->
    </test> <!-- Default test -->
  </suite> <!-- Default suite -->
</testng-results>
