<?xml version="1.0" encoding="UTF-8"?>
<testng-results ignored="0" total="2" passed="2" failed="0" skipped="0">
  <reporter-output>
  </reporter-output>
  <suite started-at="2021-11-19T16:47:23Z" name="Default suite" finished-at="2021-11-19T16:47:33Z" duration-ms="9558">
    <groups>
    </groups>
    <test started-at="2021-11-19T16:47:23Z" name="Default test" finished-at="2021-11-19T16:47:33Z" duration-ms="9558">
      <class name="TestCases.TC_001_Integration">
        <test-method is-config="true" signature="startReprt()[pri:0, instance:TestCases.TC_001_Integration@20c0a64d]" started-at="2021-11-19T16:47:23Z" name="startReprt" finished-at="2021-11-19T16:47:24Z" duration-ms="303" status="PASS">
          <reporter-output>
          </reporter-output>
        </test-method> <!-- startReprt -->
        <test-method is-config="true" signature="method(java.lang.reflect.Method)[pri:0, instance:TestCases.TC_001_Integration@20c0a64d]" started-at="2021-11-19T16:47:24Z" name="method" finished-at="2021-11-19T16:47:24Z" duration-ms="5" status="PASS">
          <params>
            <param index="0">
              <value>
                <![CDATA[public void TestCases.TC_001_Integration.TC_001_loginandVerify(java.util.Map) throws java.io.IOException]]>
              </value>
            </param>
          </params>
          <reporter-output>
          </reporter-output>
        </test-method> <!-- method -->
        <test-method is-config="true" signature="f1()[pri:0, instance:TestCases.TC_001_Integration@20c0a64d]" started-at="2021-11-19T16:47:24Z" name="f1" finished-at="2021-11-19T16:47:24Z" duration-ms="0" status="PASS">
          <reporter-output>
          </reporter-output>
        </test-method> <!-- f1 -->
        <test-method signature="TC_001_loginandVerify(java.util.Map)[pri:0, instance:TestCases.TC_001_Integration@20c0a64d]" started-at="2021-11-19T16:47:24Z" name="TC_001_loginandVerify" data-provider="getData" finished-at="2021-11-19T16:47:29Z" duration-ms="4761" status="PASS">
          <params>
            <param index="0">
              <value>
                <![CDATA[{Add=EDINBURG, password=Password02, FirstName=AML controller, LastName=PRABIN, MidName =KAUR, TestCaseName=TC_001_loginandVerify, userid=Controller, Add2=London}]]>
              </value>
            </param>
          </params>
          <reporter-output>
          </reporter-output>
        </test-method> <!-- TC_001_loginandVerify -->
        <test-method is-config="true" signature="method(java.lang.reflect.Method)[pri:0, instance:TestCases.TC_001_Integration@20c0a64d]" started-at="2021-11-19T16:47:29Z" name="method" finished-at="2021-11-19T16:47:29Z" duration-ms="2" status="PASS">
          <params>
            <param index="0">
              <value>
                <![CDATA[public void TestCases.TC_001_Integration.TC_001_loginandVerify(java.util.Map) throws java.io.IOException]]>
              </value>
            </param>
          </params>
          <reporter-output>
          </reporter-output>
        </test-method> <!-- method -->
        <test-method is-config="true" signature="f1()[pri:0, instance:TestCases.TC_001_Integration@20c0a64d]" started-at="2021-11-19T16:47:29Z" name="f1" finished-at="2021-11-19T16:47:29Z" duration-ms="0" status="PASS">
          <reporter-output>
          </reporter-output>
        </test-method> <!-- f1 -->
        <test-method signature="TC_001_loginandVerify(java.util.Map)[pri:0, instance:TestCases.TC_001_Integration@20c0a64d]" started-at="2021-11-19T16:47:29Z" name="TC_001_loginandVerify" data-provider="getData" finished-at="2021-11-19T16:47:33Z" duration-ms="3608" status="PASS">
          <params>
            <param index="0">
              <value>
                <![CDATA[{Add=OSLO, password=Password01, FirstName=AML admin, LastName=UB, MidName =PRAKASH, TestCaseName=TC_001_loginandVerify, userid=admin, Add2=Done}]]>
              </value>
            </param>
          </params>
          <reporter-output>
          </reporter-output>
        </test-method> <!-- TC_001_loginandVerify -->
        <test-method is-config="true" signature="fn_Suit()[pri:0, instance:TestCases.TC_001_Integration@20c0a64d]" started-at="2021-11-19T16:47:33Z" name="fn_Suit" finished-at="2021-11-19T16:47:33Z" duration-ms="568" status="PASS">
          <reporter-output>
          </reporter-output>
        </test-method> <!-- fn_Suit -->
      </class> <!-- TestCases.TC_001_Integration -->
    </test> <!-- Default test -->
  </suite> <!-- Default suite -->
</testng-results>
