<?xml version="1.0" encoding="UTF-8"?>
<testng-results ignored="0" total="1" passed="1" failed="0" skipped="0">
  <reporter-output>
  </reporter-output>
  <suite started-at="2021-11-06T15:29:07Z" name="Default suite" finished-at="2021-11-06T15:29:18Z" duration-ms="11181">
    <groups>
    </groups>
    <test started-at="2021-11-06T15:29:07Z" name="Default test" finished-at="2021-11-06T15:29:18Z" duration-ms="11181">
      <class name="TestCases.TC_001">
        <test-method is-config="true" signature="f1()[pri:0, instance:TestCases.TC_001@56c4278e]" started-at="2021-11-06T15:29:07Z" name="f1" finished-at="2021-11-06T15:29:07Z" duration-ms="12" status="PASS">
          <reporter-output>
          </reporter-output>
        </test-method> <!-- f1 -->
        <test-method signature="f()[pri:0, instance:TestCases.TC_001@56c4278e]" started-at="2021-11-06T15:29:07Z" name="f" finished-at="2021-11-06T15:29:18Z" duration-ms="11126" status="PASS">
          <reporter-output>
          </reporter-output>
        </test-method> <!-- f -->
      </class> <!-- TestCases.TC_001 -->
    </test> <!-- Default test -->
  </suite> <!-- Default suite -->
</testng-results>
